[debug] [2023-05-07T14:09:58.456Z] ----------------------------------------------------------------------
[debug] [2023-05-07T14:09:58.458Z] Command:       C:\Program Files\nodejs\node.exe C:\Users\Naveen Naidu\AppData\Roaming\npm\node_modules\firebase-tools\lib\bin\firebase.js init
[debug] [2023-05-07T14:09:58.459Z] CLI Version:   11.30.0
[debug] [2023-05-07T14:09:58.460Z] Platform:      win32
[debug] [2023-05-07T14:09:58.460Z] Node Version:  v18.15.0
[debug] [2023-05-07T14:09:58.461Z] Time:          Sun May 07 2023 19:39:58 GMT+0530 (India Standard Time)
[debug] [2023-05-07T14:09:58.462Z] ----------------------------------------------------------------------
[debug] 
[debug] [2023-05-07T14:09:58.468Z] > command requires scopes: ["email","openid","https://www.googleapis.com/auth/cloudplatformprojects.readonly","https://www.googleapis.com/auth/firebase","https://www.googleapis.com/auth/cloud-platform"]
[debug] [2023-05-07T14:09:58.469Z] > authorizing via signed-in user (kandulanaveennaidu017@gmail.com)
[info] 
     ######## #### ########  ######## ########     ###     ######  ########
     ##        ##  ##     ## ##       ##     ##  ##   ##  ##       ##
     ######    ##  ########  ######   ########  #########  ######  ######
     ##        ##  ##    ##  ##       ##     ## ##     ##       ## ##
     ##       #### ##     ## ######## ########  ##     ##  ######  ########

You're about to initialize a Firebase project in this directory:

  C:\Users\Naveen Naidu\Downloads\react-videoblog-fullstact-withfirebase-master\blog-project

[info] 
=== Project Setup
[info] 
[info] First, let's associate this project directory with a Firebase project.
[info] You can create multiple project aliases by running firebase use --add, 
[info] but for now we'll just set up a default project.
[info] 
[debug] [2023-05-07T14:10:52.900Z] > refreshing access token with scopes: []
[debug] [2023-05-07T14:10:52.902Z] >>> [apiv2][query] POST https://www.googleapis.com/oauth2/v3/token [none]
[debug] [2023-05-07T14:10:52.903Z] >>> [apiv2][body] POST https://www.googleapis.com/oauth2/v3/token [omitted]
[debug] [2023-05-07T14:10:53.567Z] <<< [apiv2][status] POST https://www.googleapis.com/oauth2/v3/token 200
[debug] [2023-05-07T14:10:53.568Z] <<< [apiv2][body] POST https://www.googleapis.com/oauth2/v3/token [omitted]
[debug] [2023-05-07T14:10:53.579Z] >>> [apiv2][query] GET https://firebase.googleapis.com/v1beta1/projects pageSize=100
[debug] [2023-05-07T14:10:54.765Z] <<< [apiv2][status] GET https://firebase.googleapis.com/v1beta1/projects 200
[debug] [2023-05-07T14:10:54.765Z] <<< [apiv2][body] GET https://firebase.googleapis.com/v1beta1/projects [omitted]
[info] i  Don't want to scroll through all your projects? If you know your project ID, you can initialize it directly using firebase init --project <project_id>.
 
